    OpenRGB v0.9+ (1.0rc2)
    Commit:  from 
    Launched: 20251212_025450
====================================================================================================

67    |Info:    [ResourceManager] Initializing HID interfaces: Success
67    |Info:    ------------------------------------------------------
67    |Info:    |               Start device detection               |
67    |Info:    ------------------------------------------------------
75    |Info:    ------------------------------------------------------
75    |Info:    |             Detecting I2C interfaces               |
75    |Info:    ------------------------------------------------------
76    |Info:    [ResourceManager] Registering I2C interface: /dev/i2c-3 Device 10DE:24A0 Subsystem: 1043:1CB2
76    |Warning: [i2c_smbus_linux] Failed to read i2c device PCI device ID
76    |Info:    [ResourceManager] Registering I2C interface: /dev/i2c-20 Device 0000:0000 Subsystem: 0000:0000
76    |Info:    [ResourceManager] Registering I2C interface: /dev/i2c-10 Device 1002:1681 Subsystem: 1043:1CB2
76    |Info:    [ResourceManager] Registering I2C interface: /dev/i2c-1 Device 0000:0000 Subsystem: 0000:0000
76    |Warning: [i2c_smbus_linux] Failed to read i2c device PCI device ID
76    |Info:    [ResourceManager] Registering I2C interface: /dev/i2c-19 Device 0000:0000 Subsystem: 0000:0000
76    |Warning: [i2c_smbus_linux] Failed to read i2c device PCI device ID
76    |Info:    [ResourceManager] Registering I2C interface: /dev/i2c-17 Device 0000:0000 Subsystem: 0000:0000
76    |Info:    [ResourceManager] Registering I2C interface: /dev/i2c-8 Device 1022:790B Subsystem: 1043:1CB2
77    |Warning: [i2c_smbus_linux] Failed to read i2c device PCI device ID
77    |Info:    [ResourceManager] Registering I2C interface: /dev/i2c-15 Device 0000:0000 Subsystem: 0000:0000
77    |Info:    [ResourceManager] Registering I2C interface: /dev/i2c-6 Device 1022:790B Subsystem: 1043:1CB2
77    |Info:    [ResourceManager] Registering I2C interface: /dev/i2c-13 Device 1002:1681 Subsystem: 1043:1CB2
77    |Info:    [ResourceManager] Registering I2C interface: /dev/i2c-4 Device 10DE:24A0 Subsystem: 1043:1CB2
77    |Info:    [ResourceManager] Registering I2C interface: /dev/i2c-11 Device 1002:1681 Subsystem: 1043:1CB2
77    |Info:    [ResourceManager] Registering I2C interface: /dev/i2c-2 Device 10DE:24A0 Subsystem: 1043:1CB2
77    |Info:    [ResourceManager] Registering I2C interface: /dev/i2c-ASUE120A:00 Device 0000:0000 Subsystem: 0000:0000
77    |Info:    [ResourceManager] Registering I2C interface: /dev/i2c-0 Device 0000:0000 Subsystem: 0000:0000
77    |Warning: [i2c_smbus_linux] Failed to read i2c device PCI device ID
78    |Info:    [ResourceManager] Registering I2C interface: /dev/i2c-18 Device 0000:0000 Subsystem: 0000:0000
78    |Info:    [ResourceManager] Registering I2C interface: /dev/i2c-9 Device 1002:1681 Subsystem: 1043:1CB2
78    |Warning: [i2c_smbus_linux] Failed to read i2c device PCI device ID
78    |Info:    [ResourceManager] Registering I2C interface: /dev/i2c-16 Device 0000:0000 Subsystem: 0000:0000
78    |Info:    [ResourceManager] Registering I2C interface: /dev/i2c-7 Device 1022:790B Subsystem: 1043:1CB2
78    |Info:    [ResourceManager] Registering I2C interface: /dev/i2c-14 Device 1002:1681 Subsystem: 1043:1CB2
78    |Info:    [ResourceManager] Registering I2C interface: /dev/i2c-5 Device 10DE:24A0 Subsystem: 1043:1CB2
78    |Info:    [ResourceManager] Registering I2C interface: /dev/i2c-12 Device 1002:1681 Subsystem: 1043:1CB2
78    |Info:    ------------------------------------------------------
78    |Info:    |               Detecting I2C devices                |
78    |Info:    ------------------------------------------------------
1139  |Info:    ------------------------------------------------------
1139  |Info:    |            Detecting I2C DIMM modules              |
1139  |Info:    ------------------------------------------------------
2098  |Info:    [ResourceManager] Detected occupied slot 1, bus 8, type DDR5
2187  |Info:    ------------------------------------------------------
2187  |Info:    |               Detecting I2C PCI devices            |
2187  |Info:    ------------------------------------------------------
2192  |Info:    ------------------------------------------------------
2192  |Info:    |               Detecting HID devices                |
2192  |Info:    ------------------------------------------------------
2197  |ERROR:   [G513RW] device capabilities not found. Please creata a new device request.
2214  |Info:    [KLM] Created new Seventy Five percent ANSI QWERTY with 6 rows and 14 columns containing 74 keys
2214  |Info:    [G533ZM] Registering RGB controller
2214  |Info:    ------------------------------------------------------
2214  |Info:    |            Detecting libusb HID devices            |
2214  |Info:    ------------------------------------------------------
2241  |Info:    ------------------------------------------------------
2241  |Info:    |              Detecting other devices               |
2241  |Info:    ------------------------------------------------------
2317  |Info:    [ResourceManager] Calling Post-detection callbacks
2317  |Info:    ------------------------------------------------------
2317  |Info:    |                Detection completed                 |
2317  |Info:    ------------------------------------------------------
2317  |Dialog:  <h2>Some internal devices may not be detected:</h2><p>One or more I2C or SMBus interfaces failed to initialize.</p><p><b>RGB DRAM modules, some motherboards' onboard RGB lighting, and RGB Graphics Cards, will not be available in OpenRGB</b> without I2C or SMBus.</p><h4>How to fix this:</h4><p>On Linux, this is usually because the i2c-dev module is not loaded.</p><p>You must load the i2c-dev module along with the correct i2c driver for your motherboard. This is usually i2c-piix4 for AMD systems and i2c-i801 for Intel systems.</p><p>See <a href='https://help.openrgb.org/'>help.openrgb.org</a> for additional troubleshooting steps if you keep seeing this message.<br></p><h3>If you are not using internal RGB on a desktop this message is not important to you.</h3>
59665 |Info:    [ResourceManager] Initializing HID interfaces: Success
59666 |Info:    ------------------------------------------------------
59666 |Info:    |               Start device detection               |
59666 |Info:    ------------------------------------------------------
59673 |Info:    ------------------------------------------------------
59673 |Info:    |             Detecting I2C interfaces               |
59673 |Info:    ------------------------------------------------------
59673 |Info:    [ResourceManager] Registering I2C interface: /dev/i2c-3 Device 10DE:24A0 Subsystem: 1043:1CB2
59673 |Warning: [i2c_smbus_linux] Failed to read i2c device PCI device ID
59673 |Info:    [ResourceManager] Registering I2C interface: /dev/i2c-20 Device 0000:0000 Subsystem: 0000:0000
59673 |Info:    [ResourceManager] Registering I2C interface: /dev/i2c-10 Device 1002:1681 Subsystem: 1043:1CB2
59673 |Info:    [ResourceManager] Registering I2C interface: /dev/i2c-1 Device 0000:0000 Subsystem: 0000:0000
59673 |Warning: [i2c_smbus_linux] Failed to read i2c device PCI device ID
59674 |Info:    [ResourceManager] Registering I2C interface: /dev/i2c-19 Device 0000:0000 Subsystem: 0000:0000
59674 |Warning: [i2c_smbus_linux] Failed to read i2c device PCI device ID
59674 |Info:    [ResourceManager] Registering I2C interface: /dev/i2c-17 Device 0000:0000 Subsystem: 0000:0000
59674 |Info:    [ResourceManager] Registering I2C interface: /dev/i2c-8 Device 1022:790B Subsystem: 1043:1CB2
59674 |Warning: [i2c_smbus_linux] Failed to read i2c device PCI device ID
59674 |Info:    [ResourceManager] Registering I2C interface: /dev/i2c-15 Device 0000:0000 Subsystem: 0000:0000
59674 |Info:    [ResourceManager] Registering I2C interface: /dev/i2c-6 Device 1022:790B Subsystem: 1043:1CB2
59674 |Info:    [ResourceManager] Registering I2C interface: /dev/i2c-13 Device 1002:1681 Subsystem: 1043:1CB2
59681 |Info:    [ResourceManager] Registering I2C interface: /dev/i2c-4 Device 10DE:24A0 Subsystem: 1043:1CB2
59682 |Info:    [ResourceManager] Registering I2C interface: /dev/i2c-11 Device 1002:1681 Subsystem: 1043:1CB2
59682 |Info:    [ResourceManager] Registering I2C interface: /dev/i2c-2 Device 10DE:24A0 Subsystem: 1043:1CB2
59682 |Info:    [ResourceManager] Registering I2C interface: /dev/i2c-ASUE120A:00 Device 0000:0000 Subsystem: 0000:0000
59682 |Info:    [ResourceManager] Registering I2C interface: /dev/i2c-0 Device 0000:0000 Subsystem: 0000:0000
59682 |Warning: [i2c_smbus_linux] Failed to read i2c device PCI device ID
59683 |Info:    [ResourceManager] Registering I2C interface: /dev/i2c-18 Device 0000:0000 Subsystem: 0000:0000
59683 |Info:    [ResourceManager] Registering I2C interface: /dev/i2c-9 Device 1002:1681 Subsystem: 1043:1CB2
59683 |Warning: [i2c_smbus_linux] Failed to read i2c device PCI device ID
59683 |Info:    [ResourceManager] Registering I2C interface: /dev/i2c-16 Device 0000:0000 Subsystem: 0000:0000
59683 |Info:    [ResourceManager] Registering I2C interface: /dev/i2c-7 Device 1022:790B Subsystem: 1043:1CB2
59683 |Info:    [ResourceManager] Registering I2C interface: /dev/i2c-14 Device 1002:1681 Subsystem: 1043:1CB2
59683 |Info:    [ResourceManager] Registering I2C interface: /dev/i2c-5 Device 10DE:24A0 Subsystem: 1043:1CB2
59684 |Info:    [ResourceManager] Registering I2C interface: /dev/i2c-12 Device 1002:1681 Subsystem: 1043:1CB2
59684 |Info:    ------------------------------------------------------
59684 |Info:    |               Detecting I2C devices                |
59684 |Info:    ------------------------------------------------------
60728 |Info:    ------------------------------------------------------
60728 |Info:    |            Detecting I2C DIMM modules              |
60728 |Info:    ------------------------------------------------------
60772 |Info:    [ResourceManager] Detected occupied slot 1, bus 8, type DDR5
60865 |Info:    ------------------------------------------------------
60865 |Info:    |               Detecting I2C PCI devices            |
60865 |Info:    ------------------------------------------------------
60867 |Info:    ------------------------------------------------------
60867 |Info:    |               Detecting HID devices                |
60867 |Info:    ------------------------------------------------------
60867 |ERROR:   [G513RW] device capabilities not found. Please creata a new device request.
60884 |Info:    [KLM] Created new Seventy Five percent ANSI QWERTY with 6 rows and 14 columns containing 74 keys
60884 |Info:    [G533ZM] Registering RGB controller
60884 |Info:    ------------------------------------------------------
60884 |Info:    |            Detecting libusb HID devices            |
60884 |Info:    ------------------------------------------------------
60902 |Info:    ------------------------------------------------------
60902 |Info:    |              Detecting other devices               |
60902 |Info:    ------------------------------------------------------
62223 |Info:    [ResourceManager] Calling Post-detection callbacks
62223 |Info:    ------------------------------------------------------
62223 |Info:    |                Detection completed                 |
62223 |Info:    ------------------------------------------------------
62223 |Dialog:  <h2>Some internal devices may not be detected:</h2><p>One or more I2C or SMBus interfaces failed to initialize.</p><p><b>RGB DRAM modules, some motherboards' onboard RGB lighting, and RGB Graphics Cards, will not be available in OpenRGB</b> without I2C or SMBus.</p><h4>How to fix this:</h4><p>On Linux, this is usually because the i2c-dev module is not loaded.</p><p>You must load the i2c-dev module along with the correct i2c driver for your motherboard. This is usually i2c-piix4 for AMD systems and i2c-i801 for Intel systems.</p><p>See <a href='https://help.openrgb.org/'>help.openrgb.org</a> for additional troubleshooting steps if you keep seeing this message.<br></p><h3>If you are not using internal RGB on a desktop this message is not important to you.</h3>
