    OpenRGB v0.9+ (1.0rc2)
    Commit:  from 
    Launched: 20260513_123920
====================================================================================================

53    |Info:    [ResourceManager] Initializing HID interfaces: Success
54    |Info:    ------------------------------------------------------
54    |Info:    |               Start device detection               |
54    |Info:    ------------------------------------------------------
65    |Info:    ------------------------------------------------------
65    |Info:    |             Detecting I2C interfaces               |
65    |Info:    ------------------------------------------------------
65    |Info:    [ResourceManager] Registering I2C interface: /dev/i2c-3 Device 1022:790B Subsystem: 1043:1CB2
65    |Info:    [ResourceManager] Registering I2C interface: /dev/i2c-10 Device 1002:1681 Subsystem: 1043:1CB2
66    |Info:    [ResourceManager] Registering I2C interface: /dev/i2c-1 Device 0000:0000 Subsystem: 0000:0000
66    |Info:    [ResourceManager] Registering I2C interface: /dev/i2c-8 Device 1002:1681 Subsystem: 1043:1CB2
66    |Warning: [i2c_smbus_linux] Failed to read i2c device PCI device ID
66    |Info:    [ResourceManager] Registering I2C interface: /dev/i2c-15 Device 0000:0000 Subsystem: 0000:0000
66    |Info:    [ResourceManager] Registering I2C interface: /dev/i2c-6 Device 1002:1681 Subsystem: 1043:1CB2
66    |Warning: [i2c_smbus_linux] Failed to read i2c device PCI device ID
66    |Info:    [ResourceManager] Registering I2C interface: /dev/i2c-13 Device 0000:0000 Subsystem: 0000:0000
66    |Info:    [ResourceManager] Registering I2C interface: /dev/i2c-4 Device 1022:790B Subsystem: 1043:1CB2
66    |Warning: [i2c_smbus_linux] Failed to read i2c device PCI device ID
66    |Info:    [ResourceManager] Registering I2C interface: /dev/i2c-11 Device 0000:0000 Subsystem: 0000:0000
67    |Info:    [ResourceManager] Registering I2C interface: /dev/i2c-2 Device 1022:790B Subsystem: 1043:1CB2
67    |Info:    [ResourceManager] Registering I2C interface: /dev/i2c-ASUE120A:00 Device 0000:0000 Subsystem: 0000:0000
67    |Info:    [ResourceManager] Registering I2C interface: /dev/i2c-0 Device 0000:0000 Subsystem: 0000:0000
67    |Info:    [ResourceManager] Registering I2C interface: /dev/i2c-9 Device 1002:1681 Subsystem: 1043:1CB2
67    |Warning: [i2c_smbus_linux] Failed to read i2c device PCI device ID
67    |Info:    [ResourceManager] Registering I2C interface: /dev/i2c-16 Device 0000:0000 Subsystem: 0000:0000
67    |Info:    [ResourceManager] Registering I2C interface: /dev/i2c-7 Device 1002:1681 Subsystem: 1043:1CB2
67    |Warning: [i2c_smbus_linux] Failed to read i2c device PCI device ID
67    |Info:    [ResourceManager] Registering I2C interface: /dev/i2c-14 Device 0000:0000 Subsystem: 0000:0000
67    |Info:    [ResourceManager] Registering I2C interface: /dev/i2c-5 Device 1002:1681 Subsystem: 1043:1CB2
67    |Warning: [i2c_smbus_linux] Failed to read i2c device PCI device ID
67    |Info:    [ResourceManager] Registering I2C interface: /dev/i2c-12 Device 0000:0000 Subsystem: 0000:0000
67    |Info:    ------------------------------------------------------
67    |Info:    |               Detecting I2C devices                |
67    |Info:    ------------------------------------------------------
1120  |Info:    ------------------------------------------------------
1120  |Info:    |            Detecting I2C DIMM modules              |
1120  |Info:    ------------------------------------------------------
1833  |Info:    [ResourceManager] Detected occupied slot 1, bus 9, type DDR5
1866  |Info:    ------------------------------------------------------
1866  |Info:    |               Detecting I2C PCI devices            |
1866  |Info:    ------------------------------------------------------
1867  |Info:    ------------------------------------------------------
1867  |Info:    |               Detecting HID devices                |
1867  |Info:    ------------------------------------------------------
1868  |ERROR:   [G513RW] device capabilities not found. Please creata a new device request.
1884  |Info:    [KLM] Created new Seventy Five percent ANSI QWERTY with 6 rows and 14 columns containing 74 keys
1884  |Info:    [G533ZM] Registering RGB controller
1884  |Info:    ------------------------------------------------------
1884  |Info:    |            Detecting libusb HID devices            |
1884  |Info:    ------------------------------------------------------
1910  |Info:    ------------------------------------------------------
1910  |Info:    |              Detecting other devices               |
1910  |Info:    ------------------------------------------------------
2257  |Info:    [ResourceManager] Calling Post-detection callbacks
2257  |Info:    ------------------------------------------------------
2257  |Info:    |                Detection completed                 |
2257  |Info:    ------------------------------------------------------
2257  |Dialog:  <h2>Some internal devices may not be detected:</h2><p>One or more I2C or SMBus interfaces failed to initialize.</p><p><b>RGB DRAM modules, some motherboards' onboard RGB lighting, and RGB Graphics Cards, will not be available in OpenRGB</b> without I2C or SMBus.</p><h4>How to fix this:</h4><p>On Linux, this is usually because the i2c-dev module is not loaded.</p><p>You must load the i2c-dev module along with the correct i2c driver for your motherboard. This is usually i2c-piix4 for AMD systems and i2c-i801 for Intel systems.</p><p>See <a href='https://help.openrgb.org/'>help.openrgb.org</a> for additional troubleshooting steps if you keep seeing this message.<br></p><h3>If you are not using internal RGB on a desktop this message is not important to you.</h3>
