    OpenRGB v0.9+ (1.0rc2)
    Commit:  from 
    Launched: 20251127_212930
====================================================================================================

54    |Info:    [ResourceManager] Initializing HID interfaces: Success
54    |Info:    ------------------------------------------------------
54    |Info:    |               Start device detection               |
54    |Info:    ------------------------------------------------------
62    |Info:    ------------------------------------------------------
62    |Info:    |             Detecting I2C interfaces               |
62    |Info:    ------------------------------------------------------
62    |Info:    [ResourceManager] Registering I2C interface: /dev/i2c-3 Device 1022:790B Subsystem: 1043:1CB2
62    |Info:    [ResourceManager] Registering I2C interface: /dev/i2c-10 Device 1002:1681 Subsystem: 1043:1CB2
62    |Info:    [ResourceManager] Registering I2C interface: /dev/i2c-1 Device 0000:0000 Subsystem: 0000:0000
62    |Info:    [ResourceManager] Registering I2C interface: /dev/i2c-8 Device 1002:1681 Subsystem: 1043:1CB2
62    |Warning: [i2c_smbus_linux] Failed to read i2c device PCI device ID
62    |Info:    [ResourceManager] Registering I2C interface: /dev/i2c-15 Device 0000:0000 Subsystem: 0000:0000
62    |Info:    [ResourceManager] Registering I2C interface: /dev/i2c-6 Device 1002:1681 Subsystem: 1043:1CB2
63    |Warning: [i2c_smbus_linux] Failed to read i2c device PCI device ID
63    |Info:    [ResourceManager] Registering I2C interface: /dev/i2c-13 Device 0000:0000 Subsystem: 0000:0000
63    |Info:    [ResourceManager] Registering I2C interface: /dev/i2c-4 Device 1022:790B Subsystem: 1043:1CB2
63    |Warning: [i2c_smbus_linux] Failed to read i2c device PCI device ID
63    |Info:    [ResourceManager] Registering I2C interface: /dev/i2c-11 Device 0000:0000 Subsystem: 0000:0000
63    |Info:    [ResourceManager] Registering I2C interface: /dev/i2c-2 Device 1022:790B Subsystem: 1043:1CB2
63    |Info:    [ResourceManager] Registering I2C interface: /dev/i2c-ASUE120A:00 Device 0000:0000 Subsystem: 0000:0000
63    |Info:    [ResourceManager] Registering I2C interface: /dev/i2c-0 Device 0000:0000 Subsystem: 0000:0000
63    |Info:    [ResourceManager] Registering I2C interface: /dev/i2c-9 Device 1002:1681 Subsystem: 1043:1CB2
63    |Warning: [i2c_smbus_linux] Failed to read i2c device PCI device ID
63    |Info:    [ResourceManager] Registering I2C interface: /dev/i2c-16 Device 0000:0000 Subsystem: 0000:0000
64    |Info:    [ResourceManager] Registering I2C interface: /dev/i2c-7 Device 1002:1681 Subsystem: 1043:1CB2
64    |Warning: [i2c_smbus_linux] Failed to read i2c device PCI device ID
64    |Info:    [ResourceManager] Registering I2C interface: /dev/i2c-14 Device 0000:0000 Subsystem: 0000:0000
64    |Info:    [ResourceManager] Registering I2C interface: /dev/i2c-5 Device 1002:1681 Subsystem: 1043:1CB2
64    |Warning: [i2c_smbus_linux] Failed to read i2c device PCI device ID
64    |Info:    [ResourceManager] Registering I2C interface: /dev/i2c-12 Device 0000:0000 Subsystem: 0000:0000
64    |Info:    ------------------------------------------------------
64    |Info:    |               Detecting I2C devices                |
64    |Info:    ------------------------------------------------------
1121  |Info:    ------------------------------------------------------
1121  |Info:    |            Detecting I2C DIMM modules              |
1121  |Info:    ------------------------------------------------------
1216  |Info:    [ResourceManager] Detected occupied slot 1, bus 9, type DDR5
1251  |Info:    ------------------------------------------------------
1251  |Info:    |               Detecting I2C PCI devices            |
1251  |Info:    ------------------------------------------------------
1253  |Info:    ------------------------------------------------------
1254  |Info:    |               Detecting HID devices                |
1254  |Info:    ------------------------------------------------------
1254  |ERROR:   [G513RW] device capabilities not found. Please creata a new device request.
1270  |Info:    [KLM] Created new Seventy Five percent ANSI QWERTY with 6 rows and 14 columns containing 74 keys
1270  |Info:    [G533ZM] Registering RGB controller
1270  |Info:    ------------------------------------------------------
1270  |Info:    |            Detecting libusb HID devices            |
1270  |Info:    ------------------------------------------------------
1293  |Info:    ------------------------------------------------------
1293  |Info:    |              Detecting other devices               |
1293  |Info:    ------------------------------------------------------
1610  |Info:    [ResourceManager] Calling Post-detection callbacks
1610  |Info:    ------------------------------------------------------
1610  |Info:    |                Detection completed                 |
1610  |Info:    ------------------------------------------------------
1610  |Dialog:  <h2>Some internal devices may not be detected:</h2><p>One or more I2C or SMBus interfaces failed to initialize.</p><p><b>RGB DRAM modules, some motherboards' onboard RGB lighting, and RGB Graphics Cards, will not be available in OpenRGB</b> without I2C or SMBus.</p><h4>How to fix this:</h4><p>On Linux, this is usually because the i2c-dev module is not loaded.</p><p>You must load the i2c-dev module along with the correct i2c driver for your motherboard. This is usually i2c-piix4 for AMD systems and i2c-i801 for Intel systems.</p><p>See <a href='https://help.openrgb.org/'>help.openrgb.org</a> for additional troubleshooting steps if you keep seeing this message.<br></p><h3>If you are not using internal RGB on a desktop this message is not important to you.</h3>
27380 |ERROR:   [OpenRGBPluginsPage] Failed to install plugin: filesystem error: cannot copy: No such file or directory [] [/home/mohireza/.config/OpenRGB/plugins/]
