    OpenRGB v0.9+ (1.0rc2)
    Commit:  from 
    Launched: 20251127_212359
====================================================================================================

54    |Info:    [ResourceManager] Saving detector settings
56    |Info:    [ResourceManager] Initializing HID interfaces: Success
56    |Info:    ------------------------------------------------------
56    |Info:    |               Start device detection               |
56    |Info:    ------------------------------------------------------
64    |Info:    ------------------------------------------------------
64    |Info:    |             Detecting I2C interfaces               |
64    |Info:    ------------------------------------------------------
65    |Info:    [ResourceManager] Registering I2C interface: /dev/i2c-3 Device 1022:790B Subsystem: 1043:1CB2
65    |Info:    [ResourceManager] Registering I2C interface: /dev/i2c-10 Device 1002:1681 Subsystem: 1043:1CB2
65    |Info:    [ResourceManager] Registering I2C interface: /dev/i2c-1 Device 0000:0000 Subsystem: 0000:0000
65    |Info:    [ResourceManager] Registering I2C interface: /dev/i2c-8 Device 1002:1681 Subsystem: 1043:1CB2
65    |Warning: [i2c_smbus_linux] Failed to read i2c device PCI device ID
65    |Info:    [ResourceManager] Registering I2C interface: /dev/i2c-15 Device 0000:0000 Subsystem: 0000:0000
65    |Info:    [ResourceManager] Registering I2C interface: /dev/i2c-6 Device 1002:1681 Subsystem: 1043:1CB2
65    |Warning: [i2c_smbus_linux] Failed to read i2c device PCI device ID
65    |Info:    [ResourceManager] Registering I2C interface: /dev/i2c-13 Device 0000:0000 Subsystem: 0000:0000
65    |Info:    [ResourceManager] Registering I2C interface: /dev/i2c-4 Device 1022:790B Subsystem: 1043:1CB2
66    |Warning: [i2c_smbus_linux] Failed to read i2c device PCI device ID
66    |Info:    [ResourceManager] Registering I2C interface: /dev/i2c-11 Device 0000:0000 Subsystem: 0000:0000
66    |Info:    [ResourceManager] Registering I2C interface: /dev/i2c-2 Device 1022:790B Subsystem: 1043:1CB2
66    |Info:    [ResourceManager] Registering I2C interface: /dev/i2c-ASUE120A:00 Device 0000:0000 Subsystem: 0000:0000
66    |Info:    [ResourceManager] Registering I2C interface: /dev/i2c-0 Device 0000:0000 Subsystem: 0000:0000
66    |Info:    [ResourceManager] Registering I2C interface: /dev/i2c-9 Device 1002:1681 Subsystem: 1043:1CB2
66    |Warning: [i2c_smbus_linux] Failed to read i2c device PCI device ID
66    |Info:    [ResourceManager] Registering I2C interface: /dev/i2c-16 Device 0000:0000 Subsystem: 0000:0000
66    |Info:    [ResourceManager] Registering I2C interface: /dev/i2c-7 Device 1002:1681 Subsystem: 1043:1CB2
66    |Warning: [i2c_smbus_linux] Failed to read i2c device PCI device ID
66    |Info:    [ResourceManager] Registering I2C interface: /dev/i2c-14 Device 0000:0000 Subsystem: 0000:0000
67    |Info:    [ResourceManager] Registering I2C interface: /dev/i2c-5 Device 1002:1681 Subsystem: 1043:1CB2
67    |Warning: [i2c_smbus_linux] Failed to read i2c device PCI device ID
67    |Info:    [ResourceManager] Registering I2C interface: /dev/i2c-12 Device 0000:0000 Subsystem: 0000:0000
67    |Info:    ------------------------------------------------------
67    |Info:    |               Detecting I2C devices                |
67    |Info:    ------------------------------------------------------
1136  |Info:    ------------------------------------------------------
1136  |Info:    |            Detecting I2C DIMM modules              |
1136  |Info:    ------------------------------------------------------
2167  |Info:    [ResourceManager] Detected occupied slot 1, bus 9, type DDR5
2202  |Info:    ------------------------------------------------------
2202  |Info:    |               Detecting I2C PCI devices            |
2202  |Info:    ------------------------------------------------------
2205  |Info:    ------------------------------------------------------
2205  |Info:    |               Detecting HID devices                |
2205  |Info:    ------------------------------------------------------
2205  |ERROR:   [G513RW] device capabilities not found. Please creata a new device request.
2221  |Info:    [KLM] Created new Seventy Five percent ANSI QWERTY with 6 rows and 14 columns containing 74 keys
2221  |Info:    [G533ZM] Registering RGB controller
2221  |Info:    ------------------------------------------------------
2221  |Info:    |            Detecting libusb HID devices            |
2221  |Info:    ------------------------------------------------------
2244  |Info:    ------------------------------------------------------
2244  |Info:    |              Detecting other devices               |
2244  |Info:    ------------------------------------------------------
2577  |Info:    [ResourceManager] Calling Post-detection callbacks
2577  |Info:    ------------------------------------------------------
2577  |Info:    |                Detection completed                 |
2577  |Info:    ------------------------------------------------------
2577  |Dialog:  <h2>Some internal devices may not be detected:</h2><p>One or more I2C or SMBus interfaces failed to initialize.</p><p><b>RGB DRAM modules, some motherboards' onboard RGB lighting, and RGB Graphics Cards, will not be available in OpenRGB</b> without I2C or SMBus.</p><h4>How to fix this:</h4><p>On Linux, this is usually because the i2c-dev module is not loaded.</p><p>You must load the i2c-dev module along with the correct i2c driver for your motherboard. This is usually i2c-piix4 for AMD systems and i2c-i801 for Intel systems.</p><p>See <a href='https://help.openrgb.org/'>help.openrgb.org</a> for additional troubleshooting steps if you keep seeing this message.<br></p><h3>If you are not using internal RGB on a desktop this message is not important to you.</h3>
50567 |Info:    [ResourceManager] Initializing HID interfaces: Success
50567 |Info:    ------------------------------------------------------
50567 |Info:    |               Start device detection               |
50567 |Info:    ------------------------------------------------------
50575 |Info:    ------------------------------------------------------
50576 |Info:    |             Detecting I2C interfaces               |
50576 |Info:    ------------------------------------------------------
50576 |Info:    [ResourceManager] Registering I2C interface: /dev/i2c-3 Device 1022:790B Subsystem: 1043:1CB2
50576 |Info:    [ResourceManager] Registering I2C interface: /dev/i2c-10 Device 1002:1681 Subsystem: 1043:1CB2
50576 |Info:    [ResourceManager] Registering I2C interface: /dev/i2c-1 Device 0000:0000 Subsystem: 0000:0000
50576 |Info:    [ResourceManager] Registering I2C interface: /dev/i2c-8 Device 1002:1681 Subsystem: 1043:1CB2
50576 |Warning: [i2c_smbus_linux] Failed to read i2c device PCI device ID
50576 |Info:    [ResourceManager] Registering I2C interface: /dev/i2c-15 Device 0000:0000 Subsystem: 0000:0000
50577 |Info:    [ResourceManager] Registering I2C interface: /dev/i2c-6 Device 1002:1681 Subsystem: 1043:1CB2
50577 |Warning: [i2c_smbus_linux] Failed to read i2c device PCI device ID
50577 |Info:    [ResourceManager] Registering I2C interface: /dev/i2c-13 Device 0000:0000 Subsystem: 0000:0000
50577 |Info:    [ResourceManager] Registering I2C interface: /dev/i2c-4 Device 1022:790B Subsystem: 1043:1CB2
50577 |Warning: [i2c_smbus_linux] Failed to read i2c device PCI device ID
50577 |Info:    [ResourceManager] Registering I2C interface: /dev/i2c-11 Device 0000:0000 Subsystem: 0000:0000
50577 |Info:    [ResourceManager] Registering I2C interface: /dev/i2c-2 Device 1022:790B Subsystem: 1043:1CB2
50577 |Info:    [ResourceManager] Registering I2C interface: /dev/i2c-ASUE120A:00 Device 0000:0000 Subsystem: 0000:0000
50577 |Info:    [ResourceManager] Registering I2C interface: /dev/i2c-0 Device 0000:0000 Subsystem: 0000:0000
50577 |Info:    [ResourceManager] Registering I2C interface: /dev/i2c-9 Device 1002:1681 Subsystem: 1043:1CB2
50577 |Warning: [i2c_smbus_linux] Failed to read i2c device PCI device ID
50578 |Info:    [ResourceManager] Registering I2C interface: /dev/i2c-16 Device 0000:0000 Subsystem: 0000:0000
50578 |Info:    [ResourceManager] Registering I2C interface: /dev/i2c-7 Device 1002:1681 Subsystem: 1043:1CB2
50578 |Warning: [i2c_smbus_linux] Failed to read i2c device PCI device ID
50578 |Info:    [ResourceManager] Registering I2C interface: /dev/i2c-14 Device 0000:0000 Subsystem: 0000:0000
50578 |Info:    [ResourceManager] Registering I2C interface: /dev/i2c-5 Device 1002:1681 Subsystem: 1043:1CB2
50578 |Warning: [i2c_smbus_linux] Failed to read i2c device PCI device ID
50578 |Info:    [ResourceManager] Registering I2C interface: /dev/i2c-12 Device 0000:0000 Subsystem: 0000:0000
50578 |Info:    ------------------------------------------------------
50578 |Info:    |               Detecting I2C devices                |
50578 |Info:    ------------------------------------------------------
51647 |Info:    ------------------------------------------------------
51647 |Info:    |            Detecting I2C DIMM modules              |
51647 |Info:    ------------------------------------------------------
51744 |Info:    [ResourceManager] Detected occupied slot 1, bus 9, type DDR5
51779 |Info:    ------------------------------------------------------
51779 |Info:    |               Detecting I2C PCI devices            |
51779 |Info:    ------------------------------------------------------
51781 |Info:    ------------------------------------------------------
51781 |Info:    |               Detecting HID devices                |
51781 |Info:    ------------------------------------------------------
51781 |ERROR:   [G513RW] device capabilities not found. Please creata a new device request.
51797 |Info:    [KLM] Created new Seventy Five percent ANSI QWERTY with 6 rows and 14 columns containing 74 keys
51798 |Info:    [G533ZM] Registering RGB controller
51798 |Info:    ------------------------------------------------------
51798 |Info:    |            Detecting libusb HID devices            |
51798 |Info:    ------------------------------------------------------
51815 |Info:    ------------------------------------------------------
51815 |Info:    |              Detecting other devices               |
51815 |Info:    ------------------------------------------------------
52125 |Info:    [ResourceManager] Calling Post-detection callbacks
52125 |Info:    ------------------------------------------------------
52125 |Info:    |                Detection completed                 |
52125 |Info:    ------------------------------------------------------
52125 |Dialog:  <h2>Some internal devices may not be detected:</h2><p>One or more I2C or SMBus interfaces failed to initialize.</p><p><b>RGB DRAM modules, some motherboards' onboard RGB lighting, and RGB Graphics Cards, will not be available in OpenRGB</b> without I2C or SMBus.</p><h4>How to fix this:</h4><p>On Linux, this is usually because the i2c-dev module is not loaded.</p><p>You must load the i2c-dev module along with the correct i2c driver for your motherboard. This is usually i2c-piix4 for AMD systems and i2c-i801 for Intel systems.</p><p>See <a href='https://help.openrgb.org/'>help.openrgb.org</a> for additional troubleshooting steps if you keep seeing this message.<br></p><h3>If you are not using internal RGB on a desktop this message is not important to you.</h3>
114505|Info:    [NetworkServer] Network connection thread started on port 6742
115939|Info:    [NetworkServer] Connection thread closed
