    OpenRGB v0.9+ (1.0rc2)
    Commit:  from 
    Launched: 20260208_014252
====================================================================================================

57    |Info:    [ResourceManager] Initializing HID interfaces: Success
57    |Info:    ------------------------------------------------------
57    |Info:    |               Start device detection               |
57    |Info:    ------------------------------------------------------
60    |Info:    ------------------------------------------------------
60    |Info:    |             Detecting I2C interfaces               |
60    |Info:    ------------------------------------------------------
61    |Info:    [ResourceManager] Registering I2C interface: /dev/i2c-3 Device 1022:790B Subsystem: 1043:1CB2
61    |Info:    [ResourceManager] Registering I2C interface: /dev/i2c-10 Device 1002:1681 Subsystem: 1043:1CB2
61    |Info:    [ResourceManager] Registering I2C interface: /dev/i2c-1 Device 0000:0000 Subsystem: 0000:0000
61    |Info:    [ResourceManager] Registering I2C interface: /dev/i2c-8 Device 1002:1681 Subsystem: 1043:1CB2
61    |Warning: [i2c_smbus_linux] Failed to read i2c device PCI device ID
61    |Info:    [ResourceManager] Registering I2C interface: /dev/i2c-15 Device 0000:0000 Subsystem: 0000:0000
61    |Info:    [ResourceManager] Registering I2C interface: /dev/i2c-6 Device 1002:1681 Subsystem: 1043:1CB2
61    |Warning: [i2c_smbus_linux] Failed to read i2c device PCI device ID
61    |Info:    [ResourceManager] Registering I2C interface: /dev/i2c-13 Device 0000:0000 Subsystem: 0000:0000
62    |Info:    [ResourceManager] Registering I2C interface: /dev/i2c-4 Device 1022:790B Subsystem: 1043:1CB2
62    |Warning: [i2c_smbus_linux] Failed to read i2c device PCI device ID
62    |Info:    [ResourceManager] Registering I2C interface: /dev/i2c-11 Device 0000:0000 Subsystem: 0000:0000
62    |Info:    [ResourceManager] Registering I2C interface: /dev/i2c-2 Device 1022:790B Subsystem: 1043:1CB2
62    |Info:    [ResourceManager] Registering I2C interface: /dev/i2c-ASUE120A:00 Device 0000:0000 Subsystem: 0000:0000
62    |Info:    [ResourceManager] Registering I2C interface: /dev/i2c-0 Device 0000:0000 Subsystem: 0000:0000
62    |Info:    [ResourceManager] Registering I2C interface: /dev/i2c-9 Device 1002:1681 Subsystem: 1043:1CB2
62    |Warning: [i2c_smbus_linux] Failed to read i2c device PCI device ID
62    |Info:    [ResourceManager] Registering I2C interface: /dev/i2c-16 Device 0000:0000 Subsystem: 0000:0000
62    |Info:    [ResourceManager] Registering I2C interface: /dev/i2c-7 Device 1002:1681 Subsystem: 1043:1CB2
62    |Warning: [i2c_smbus_linux] Failed to read i2c device PCI device ID
62    |Info:    [ResourceManager] Registering I2C interface: /dev/i2c-14 Device 0000:0000 Subsystem: 0000:0000
63    |Info:    [ResourceManager] Registering I2C interface: /dev/i2c-5 Device 1002:1681 Subsystem: 1043:1CB2
63    |Warning: [i2c_smbus_linux] Failed to read i2c device PCI device ID
63    |Info:    [ResourceManager] Registering I2C interface: /dev/i2c-12 Device 0000:0000 Subsystem: 0000:0000
63    |Info:    ------------------------------------------------------
63    |Info:    |               Detecting I2C devices                |
63    |Info:    ------------------------------------------------------
1129  |Info:    ------------------------------------------------------
1129  |Info:    |            Detecting I2C DIMM modules              |
1129  |Info:    ------------------------------------------------------
1919  |Info:    [ResourceManager] Detected occupied slot 1, bus 9, type DDR5
1953  |Info:    ------------------------------------------------------
1953  |Info:    |               Detecting I2C PCI devices            |
1953  |Info:    ------------------------------------------------------
1956  |Info:    ------------------------------------------------------
1956  |Info:    |               Detecting HID devices                |
1956  |Info:    ------------------------------------------------------
1956  |ERROR:   [G513RW] device capabilities not found. Please creata a new device request.
1972  |Info:    [KLM] Created new Seventy Five percent ANSI QWERTY with 6 rows and 14 columns containing 74 keys
1972  |Info:    [G533ZM] Registering RGB controller
1972  |Info:    ------------------------------------------------------
1972  |Info:    |            Detecting libusb HID devices            |
1972  |Info:    ------------------------------------------------------
1994  |Info:    ------------------------------------------------------
1994  |Info:    |              Detecting other devices               |
1994  |Info:    ------------------------------------------------------
2363  |Info:    [ResourceManager] Calling Post-detection callbacks
2363  |Info:    ------------------------------------------------------
2363  |Info:    |                Detection completed                 |
2363  |Info:    ------------------------------------------------------
2363  |Dialog:  <h2>Some internal devices may not be detected:</h2><p>One or more I2C or SMBus interfaces failed to initialize.</p><p><b>RGB DRAM modules, some motherboards' onboard RGB lighting, and RGB Graphics Cards, will not be available in OpenRGB</b> without I2C or SMBus.</p><h4>How to fix this:</h4><p>On Linux, this is usually because the i2c-dev module is not loaded.</p><p>You must load the i2c-dev module along with the correct i2c driver for your motherboard. This is usually i2c-piix4 for AMD systems and i2c-i801 for Intel systems.</p><p>See <a href='https://help.openrgb.org/'>help.openrgb.org</a> for additional troubleshooting steps if you keep seeing this message.<br></p><h3>If you are not using internal RGB on a desktop this message is not important to you.</h3>
154232|Info:    [ResourceManager] Initializing HID interfaces: Success
154232|Info:    ------------------------------------------------------
154232|Info:    |               Start device detection               |
154232|Info:    ------------------------------------------------------
154236|Info:    ------------------------------------------------------
154236|Info:    |             Detecting I2C interfaces               |
154236|Info:    ------------------------------------------------------
154236|Info:    [ResourceManager] Registering I2C interface: /dev/i2c-3 Device 1022:790B Subsystem: 1043:1CB2
154236|Info:    [ResourceManager] Registering I2C interface: /dev/i2c-10 Device 1002:1681 Subsystem: 1043:1CB2
154236|Info:    [ResourceManager] Registering I2C interface: /dev/i2c-1 Device 0000:0000 Subsystem: 0000:0000
154236|Info:    [ResourceManager] Registering I2C interface: /dev/i2c-8 Device 1002:1681 Subsystem: 1043:1CB2
154236|Warning: [i2c_smbus_linux] Failed to read i2c device PCI device ID
154236|Info:    [ResourceManager] Registering I2C interface: /dev/i2c-15 Device 0000:0000 Subsystem: 0000:0000
154236|Info:    [ResourceManager] Registering I2C interface: /dev/i2c-6 Device 1002:1681 Subsystem: 1043:1CB2
154236|Warning: [i2c_smbus_linux] Failed to read i2c device PCI device ID
154236|Info:    [ResourceManager] Registering I2C interface: /dev/i2c-13 Device 0000:0000 Subsystem: 0000:0000
154237|Info:    [ResourceManager] Registering I2C interface: /dev/i2c-4 Device 1022:790B Subsystem: 1043:1CB2
154237|Warning: [i2c_smbus_linux] Failed to read i2c device PCI device ID
154237|Info:    [ResourceManager] Registering I2C interface: /dev/i2c-11 Device 0000:0000 Subsystem: 0000:0000
154237|Info:    [ResourceManager] Registering I2C interface: /dev/i2c-2 Device 1022:790B Subsystem: 1043:1CB2
154237|Info:    [ResourceManager] Registering I2C interface: /dev/i2c-ASUE120A:00 Device 0000:0000 Subsystem: 0000:0000
154237|Info:    [ResourceManager] Registering I2C interface: /dev/i2c-0 Device 0000:0000 Subsystem: 0000:0000
154237|Info:    [ResourceManager] Registering I2C interface: /dev/i2c-9 Device 1002:1681 Subsystem: 1043:1CB2
154237|Warning: [i2c_smbus_linux] Failed to read i2c device PCI device ID
154237|Info:    [ResourceManager] Registering I2C interface: /dev/i2c-16 Device 0000:0000 Subsystem: 0000:0000
154237|Info:    [ResourceManager] Registering I2C interface: /dev/i2c-7 Device 1002:1681 Subsystem: 1043:1CB2
154237|Warning: [i2c_smbus_linux] Failed to read i2c device PCI device ID
154237|Info:    [ResourceManager] Registering I2C interface: /dev/i2c-14 Device 0000:0000 Subsystem: 0000:0000
154238|Info:    [ResourceManager] Registering I2C interface: /dev/i2c-5 Device 1002:1681 Subsystem: 1043:1CB2
154238|Warning: [i2c_smbus_linux] Failed to read i2c device PCI device ID
154238|Info:    [ResourceManager] Registering I2C interface: /dev/i2c-12 Device 0000:0000 Subsystem: 0000:0000
154238|Info:    ------------------------------------------------------
154238|Info:    |               Detecting I2C devices                |
154238|Info:    ------------------------------------------------------
155313|Info:    ------------------------------------------------------
155313|Info:    |            Detecting I2C DIMM modules              |
155313|Info:    ------------------------------------------------------
155411|Info:    [ResourceManager] Detected occupied slot 1, bus 9, type DDR5
155444|Info:    ------------------------------------------------------
155444|Info:    |               Detecting I2C PCI devices            |
155444|Info:    ------------------------------------------------------
155446|Info:    ------------------------------------------------------
155446|Info:    |               Detecting HID devices                |
155446|Info:    ------------------------------------------------------
155446|ERROR:   [G513RW] device capabilities not found. Please creata a new device request.
155463|Info:    [KLM] Created new Seventy Five percent ANSI QWERTY with 6 rows and 14 columns containing 74 keys
155463|Info:    [G533ZM] Registering RGB controller
155463|Info:    ------------------------------------------------------
155463|Info:    |            Detecting libusb HID devices            |
155463|Info:    ------------------------------------------------------
155481|Info:    ------------------------------------------------------
155481|Info:    |              Detecting other devices               |
155481|Info:    ------------------------------------------------------
155839|Info:    [ResourceManager] Calling Post-detection callbacks
155839|Info:    ------------------------------------------------------
155839|Info:    |                Detection completed                 |
155839|Info:    ------------------------------------------------------
155839|Dialog:  <h2>Some internal devices may not be detected:</h2><p>One or more I2C or SMBus interfaces failed to initialize.</p><p><b>RGB DRAM modules, some motherboards' onboard RGB lighting, and RGB Graphics Cards, will not be available in OpenRGB</b> without I2C or SMBus.</p><h4>How to fix this:</h4><p>On Linux, this is usually because the i2c-dev module is not loaded.</p><p>You must load the i2c-dev module along with the correct i2c driver for your motherboard. This is usually i2c-piix4 for AMD systems and i2c-i801 for Intel systems.</p><p>See <a href='https://help.openrgb.org/'>help.openrgb.org</a> for additional troubleshooting steps if you keep seeing this message.<br></p><h3>If you are not using internal RGB on a desktop this message is not important to you.</h3>
