00:00:00.001078 main     VirtualBox XPCOM Server 7.2.4 r170995 linux.amd64 (Oct 22 2025 16:59:14) release log
00:00:00.001083 main     Log opened 2025-11-13T13:31:29.868702000Z
00:00:00.001084 main     Build Type: release
00:00:00.001090 main     OS Product: Linux
00:00:00.001091 main     OS Release: 6.17.7-arch1-1
00:00:00.001092 main     OS Version: #1 SMP PREEMPT_DYNAMIC Sun, 02 Nov 2025 17:27:22 +0000
00:00:00.001175 main     DMI Product Name: ROG Strix G513RW_G513RW
00:00:00.001189 main     DMI Product Version: 1.0
00:00:00.001199 main     Firmware type: UEFI
00:00:00.001524 main     Secure Boot: Disabled
00:00:00.001577 main     Host RAM: 15237MB (14.8GB) total, 9846MB (9.6GB) available
00:00:00.001580 main     Executable: /usr/lib/virtualbox/VBoxSVC
00:00:00.001581 main     Process ID: 36099
00:00:00.001581 main     Package type: LINUX_64BITS_GENERIC (OSE)
00:00:00.011432 main     IPC socket path: /tmp/.vbox-mohireza-ipc/ipcd
00:00:00.023249 DCon01   VirtualBox: object creation starts
00:00:00.024581 DCon01   Home directory: '/home/mohireza/.config/VirtualBox'
00:00:00.025612 DCon01   Loading settings file "/home/mohireza/.config/VirtualBox/VirtualBox.xml" with version "1.12-linux"
00:00:00.046887 DCon01   NetIfAdpCtlOut: VBoxNetAdpCtl: Error while retrieving link speed for wlan0: VBoxNetAdpCtl: ioctl failed: Operation not supported
00:00:00.050650 DCon01   HostDnsMonitor: initializing
00:00:00.051118 DCon01   NAT: resolv.conf: nameserver 172.26.146.34
00:00:00.051137 DCon01   NAT: resolv.conf: nameserver 172.26.146.35
00:00:00.051162 DCon01   HostDnsMonitor: updating information
00:00:00.051178 DCon01   HostDnsMonitor: old information
00:00:00.051180 DCon01     no server entries
00:00:00.051184 DCon01     no domain set
00:00:00.051186 DCon01     no search string entries
00:00:00.051189 DCon01   HostDnsMonitor: new information
00:00:00.051191 DCon01     server 1: 172.26.146.34
00:00:00.051193 DCon01     server 2: 172.26.146.35
00:00:00.051196 DCon01     domain: sharif.ir
00:00:00.051198 DCon01     search string 1: sharif.ir
00:00:00.055952 DCon01   VD: VDInit finished with VINF_SUCCESS
00:00:00.056595 DCon01   ERROR [COM]: aRC=NS_ERROR_FAILURE (0x80004005) aIID={925084b0-625f-422f-a67d-0ede1880a56c} aComponent={SystemPropertiesWrap} aText={Cannot determine default Guest Additions ISO location. Most likely they are not available}, preserve=false aResultDetail=0
00:00:00.059960 DCon01   Platform architecture set to 'x86'
00:00:00.063628 DCon01   Loading settings file "/home/mohireza/Drive/Debian/Debian/Debian.vbox" with version "1.19-linux"
00:00:00.065026 DCon01   Platform architecture set to 'x86'
00:00:00.066600 DCon01   VirtualBox: object created
00:00:00.909816 DCon01   WARNING [COM]: aRC=NS_ERROR_FAILURE (0x80004005) aIID={d5dcece0-b202-4416-a138-03502784cc07} aComponent={HostWrap} aText={VirtualBox is not currently allowed to access USB devices.  You can change this by adding your user to the 'vboxusers' group.  Please see the user manual for a more detailed explanation}, preserve=true aResultDetail=0
00:00:00.910907 DCon01   WARNING [COM]: aRC=NS_ERROR_FAILURE (0x80004005) aIID={d5dcece0-b202-4416-a138-03502784cc07} aComponent={HostWrap} aText={VirtualBox is not currently allowed to access USB devices.  You can change this by adding your user to the 'vboxusers' group.  Please see the user manual for a more detailed explanation}, preserve=false aResultDetail=0
00:00:00.997811 DCon09   ERROR [COM]: aRC=VBOX_E_OBJECT_NOT_FOUND (0x80bb0001) aIID={5bfd8965-b81b-469f-8649-f717ce97a5d5} aComponent={NvramStoreWrap} aText={The UEFI NVRAM file is not existing for this machine}, preserve=false aResultDetail=0
00:00:01.119367 DCon09   ERROR [COM]: aRC=VBOX_E_INVALID_VM_STATE (0x80bb0002) aIID={e36a5081-a82a-40bd-9e4e-42a44d6ce50f} aComponent={MachineWrap} aText={The machine is not mutable, saved or running (state is PoweredOff)}, preserve=false aResultDetail=0
00:00:01.195538 DCon09   WARNING [COM]: aRC=NS_ERROR_FAILURE (0x80004005) aIID={d5dcece0-b202-4416-a138-03502784cc07} aComponent={HostWrap} aText={VirtualBox is not currently allowed to access USB devices.  You can change this by adding your user to the 'vboxusers' group.  Please see the user manual for a more detailed explanation}, preserve=true aResultDetail=0
00:00:01.197719 DCon09   WARNING [COM]: aRC=NS_ERROR_FAILURE (0x80004005) aIID={d5dcece0-b202-4416-a138-03502784cc07} aComponent={HostWrap} aText={VirtualBox is not currently allowed to access USB devices.  You can change this by adding your user to the 'vboxusers' group.  Please see the user manual for a more detailed explanation}, preserve=true aResultDetail=0
00:00:01.297905 DCon09   Saving settings file "/home/mohireza/.config/VirtualBox/VirtualBox.xml" with version "1.12-linux"
00:00:01.303928 DCon09   Finished saving settings file "/home/mohireza/.config/VirtualBox/VirtualBox.xml"
00:00:12.420103 DCon14   Launched VM: 1006641440 pid: 36152 (0x8d38) frontend: GUI/Qt name: Debian
00:00:12.465936 DCon15   ERROR [COM]: aRC=VBOX_E_OBJECT_NOT_FOUND (0x80bb0001) aIID={5bfd8965-b81b-469f-8649-f717ce97a5d5} aComponent={NvramStoreWrap} aText={The UEFI NVRAM file is not existing for this machine}, preserve=false aResultDetail=0
00:00:12.491949 DCon15   ERROR [COM]: aRC=VBOX_E_INVALID_VM_STATE (0x80bb0002) aIID={e36a5081-a82a-40bd-9e4e-42a44d6ce50f} aComponent={MachineWrap} aText={The machine is not mutable, saved or running (state is PoweredOff)}, preserve=false aResultDetail=0
00:00:12.549250 DCon15   WARNING [COM]: aRC=NS_ERROR_FAILURE (0x80004005) aIID={d5dcece0-b202-4416-a138-03502784cc07} aComponent={HostWrap} aText={VirtualBox is not currently allowed to access USB devices.  You can change this by adding your user to the 'vboxusers' group.  Please see the user manual for a more detailed explanation}, preserve=true aResultDetail=0
00:00:12.551281 DCon15   WARNING [COM]: aRC=NS_ERROR_FAILURE (0x80004005) aIID={d5dcece0-b202-4416-a138-03502784cc07} aComponent={HostWrap} aText={VirtualBox is not currently allowed to access USB devices.  You can change this by adding your user to the 'vboxusers' group.  Please see the user manual for a more detailed explanation}, preserve=true aResultDetail=0
00:00:12.872949 DCon17   Platform architecture set to 'x86'
00:00:12.896917 DCon17   ERROR [COM]: aRC=VBOX_E_OBJECT_NOT_FOUND (0x80bb0001) aIID={5bfd8965-b81b-469f-8649-f717ce97a5d5} aComponent={NvramStoreWrap} aText={The UEFI NVRAM file is not existing for this machine}, preserve=false aResultDetail=0
00:00:12.900813 DCon17   ERROR [COM]: aRC=VBOX_E_INVALID_VM_STATE (0x80bb0002) aIID={e36a5081-a82a-40bd-9e4e-42a44d6ce50f} aComponent={MachineWrap} aText={The machine is not mutable, saved or running (state is PoweredOff)}, preserve=false aResultDetail=0
00:00:12.911197 DCon17   WARNING [COM]: aRC=NS_ERROR_FAILURE (0x80004005) aIID={d5dcece0-b202-4416-a138-03502784cc07} aComponent={HostWrap} aText={VirtualBox is not currently allowed to access USB devices.  You can change this by adding your user to the 'vboxusers' group.  Please see the user manual for a more detailed explanation}, preserve=true aResultDetail=0
00:00:12.912185 DCon17   WARNING [COM]: aRC=NS_ERROR_FAILURE (0x80004005) aIID={d5dcece0-b202-4416-a138-03502784cc07} aComponent={HostWrap} aText={VirtualBox is not currently allowed to access USB devices.  You can change this by adding your user to the 'vboxusers' group.  Please see the user manual for a more detailed explanation}, preserve=true aResultDetail=0
00:00:13.469969 DCon01   WARNING [COM]: aRC=NS_ERROR_FAILURE (0x80004005) aIID={d5dcece0-b202-4416-a138-03502784cc07} aComponent={HostWrap} aText={VirtualBox is not currently allowed to access USB devices.  You can change this by adding your user to the 'vboxusers' group.  Please see the user manual for a more detailed explanation}, preserve=true aResultDetail=0
00:00:13.470841 DCon01   WARNING [COM]: aRC=NS_ERROR_FAILURE (0x80004005) aIID={d5dcece0-b202-4416-a138-03502784cc07} aComponent={HostWrap} aText={VirtualBox is not currently allowed to access USB devices.  You can change this by adding your user to the 'vboxusers' group.  Please see the user manual for a more detailed explanation}, preserve=true aResultDetail=0
00:00:13.540024 DCon01   NetIfAdpCtlOut: VBoxNetAdpCtl: Error while retrieving link speed for wlan0: VBoxNetAdpCtl: ioctl failed: Operation not supported
00:00:13.544719 DCon01   WARNING [COM]: aRC=NS_ERROR_FAILURE (0x80004005) aIID={d5dcece0-b202-4416-a138-03502784cc07} aComponent={HostWrap} aText={VirtualBox is not currently allowed to access USB devices.  You can change this by adding your user to the 'vboxusers' group.  Please see the user manual for a more detailed explanation}, preserve=false aResultDetail=0
00:00:13.545424 DCon01   WARNING [COM]: aRC=NS_ERROR_FAILURE (0x80004005) aIID={d5dcece0-b202-4416-a138-03502784cc07} aComponent={HostWrap} aText={VirtualBox is not currently allowed to access USB devices.  You can change this by adding your user to the 'vboxusers' group.  Please see the user manual for a more detailed explanation}, preserve=true aResultDetail=0
00:00:13.545599 DCon01   WARNING [COM]: aRC=NS_ERROR_FAILURE (0x80004005) aIID={d5dcece0-b202-4416-a138-03502784cc07} aComponent={HostWrap} aText={VirtualBox is not currently allowed to access USB devices.  You can change this by adding your user to the 'vboxusers' group.  Please see the user manual for a more detailed explanation}, preserve=true aResultDetail=0
00:00:13.569328 DCon01   WARNING [COM]: aRC=NS_ERROR_FAILURE (0x80004005) aIID={d5dcece0-b202-4416-a138-03502784cc07} aComponent={HostWrap} aText={VirtualBox is not currently allowed to access USB devices.  You can change this by adding your user to the 'vboxusers' group.  Please see the user manual for a more detailed explanation}, preserve=true aResultDetail=0
00:00:13.592619 DCon01   ERROR [COM]: aRC=VBOX_E_OBJECT_NOT_FOUND (0x80bb0001) aIID={5bfd8965-b81b-469f-8649-f717ce97a5d5} aComponent={NvramStoreWrap} aText={The UEFI NVRAM file is not existing for this machine}, preserve=false aResultDetail=0
00:00:13.593758 DCon01   WARNING [COM]: aRC=NS_ERROR_FAILURE (0x80004005) aIID={d5dcece0-b202-4416-a138-03502784cc07} aComponent={HostWrap} aText={VirtualBox is not currently allowed to access USB devices.  You can change this by adding your user to the 'vboxusers' group.  Please see the user manual for a more detailed explanation}, preserve=true aResultDetail=0
00:00:13.605147 DCon14   ERROR [COM]: aRC=VBOX_E_INVALID_VM_STATE (0x80bb0002) aIID={e36a5081-a82a-40bd-9e4e-42a44d6ce50f} aComponent={MachineWrap} aText={The machine is not mutable, saved or running (state is Starting)}, preserve=false aResultDetail=0
00:00:13.638300 DCon01   WARNING [COM]: aRC=NS_ERROR_FAILURE (0x80004005) aIID={d5dcece0-b202-4416-a138-03502784cc07} aComponent={HostWrap} aText={VirtualBox is not currently allowed to access USB devices.  You can change this by adding your user to the 'vboxusers' group.  Please see the user manual for a more detailed explanation}, preserve=true aResultDetail=0
00:00:13.639646 DCon01   WARNING [COM]: aRC=NS_ERROR_FAILURE (0x80004005) aIID={d5dcece0-b202-4416-a138-03502784cc07} aComponent={HostWrap} aText={VirtualBox is not currently allowed to access USB devices.  You can change this by adding your user to the 'vboxusers' group.  Please see the user manual for a more detailed explanation}, preserve=true aResultDetail=0
00:00:13.790124 DCon01   ERROR [COM]: aRC=VBOX_E_OBJECT_NOT_FOUND (0x80bb0001) aIID={7d510820-a678-4730-a862-818dcd3fbed0} aComponent={MediumWrap} aText={Property 'CRYPT/KeyId' does not exist}, preserve=false aResultDetail=0
00:00:13.791744 DCon01   HostDnsMonitorProxy::GetDomainName: sharif.ir
00:00:13.791940 DCon01   HostDnsMonitorProxy::GetNameServers:
00:00:13.791946 DCon01     name server 1: 172.26.146.34
00:00:13.791950 DCon01     name server 2: 172.26.146.35
00:00:13.792136 DCon01   HostDnsMonitorProxy::GetSearchStrings:
00:00:13.792149 DCon01     search string 1: sharif.ir
00:00:13.830006 DCon15   WARNING [COM]: aRC=NS_ERROR_FAILURE (0x80004005) aIID={d5dcece0-b202-4416-a138-03502784cc07} aComponent={HostWrap} aText={VirtualBox is not currently allowed to access USB devices.  You can change this by adding your user to the 'vboxusers' group.  Please see the user manual for a more detailed explanation}, preserve=true aResultDetail=0
00:00:13.849937 DCon15   ERROR [COM]: aRC=VBOX_E_OBJECT_NOT_FOUND (0x80bb0001) aIID={5bfd8965-b81b-469f-8649-f717ce97a5d5} aComponent={NvramStoreWrap} aText={The UEFI NVRAM file is not existing for this machine}, preserve=false aResultDetail=0
00:00:13.887105 DCon15   ERROR [COM]: aRC=VBOX_E_INVALID_VM_STATE (0x80bb0002) aIID={e36a5081-a82a-40bd-9e4e-42a44d6ce50f} aComponent={MachineWrap} aText={The machine is not mutable, saved or running (state is Running)}, preserve=false aResultDetail=0
00:00:13.918738 DCon15   WARNING [COM]: aRC=NS_ERROR_FAILURE (0x80004005) aIID={d5dcece0-b202-4416-a138-03502784cc07} aComponent={HostWrap} aText={VirtualBox is not currently allowed to access USB devices.  You can change this by adding your user to the 'vboxusers' group.  Please see the user manual for a more detailed explanation}, preserve=true aResultDetail=0
00:00:13.921304 DCon15   WARNING [COM]: aRC=NS_ERROR_FAILURE (0x80004005) aIID={d5dcece0-b202-4416-a138-03502784cc07} aComponent={HostWrap} aText={VirtualBox is not currently allowed to access USB devices.  You can change this by adding your user to the 'vboxusers' group.  Please see the user manual for a more detailed explanation}, preserve=true aResultDetail=0
00:00:14.002108 DCon15   Saving settings file "/home/mohireza/.config/VirtualBox/VirtualBox.xml" with version "1.12-linux"
00:00:14.005080 DCon06   Saving settings file "/home/mohireza/Drive/Debian/Debian/Debian.vbox" with version "1.19-linux"
00:00:14.010766 DCon15   Finished saving settings file "/home/mohireza/.config/VirtualBox/VirtualBox.xml"
00:00:14.019822 DCon06   Finished saving settings file "/home/mohireza/Drive/Debian/Debian/Debian.vbox"
00:00:14.029621 DCon19   ERROR [COM]: aRC=VBOX_E_OBJECT_NOT_FOUND (0x80bb0001) aIID={5bfd8965-b81b-469f-8649-f717ce97a5d5} aComponent={NvramStoreWrap} aText={The UEFI NVRAM file is not existing for this machine}, preserve=false aResultDetail=0
00:00:14.044067 DCon19   ERROR [COM]: aRC=VBOX_E_INVALID_VM_STATE (0x80bb0002) aIID={e36a5081-a82a-40bd-9e4e-42a44d6ce50f} aComponent={MachineWrap} aText={The machine is not mutable, saved or running (state is Running)}, preserve=false aResultDetail=0
00:00:14.053707 DCon19   WARNING [COM]: aRC=NS_ERROR_FAILURE (0x80004005) aIID={d5dcece0-b202-4416-a138-03502784cc07} aComponent={HostWrap} aText={VirtualBox is not currently allowed to access USB devices.  You can change this by adding your user to the 'vboxusers' group.  Please see the user manual for a more detailed explanation}, preserve=true aResultDetail=0
00:00:14.054728 DCon19   WARNING [COM]: aRC=NS_ERROR_FAILURE (0x80004005) aIID={d5dcece0-b202-4416-a138-03502784cc07} aComponent={HostWrap} aText={VirtualBox is not currently allowed to access USB devices.  You can change this by adding your user to the 'vboxusers' group.  Please see the user manual for a more detailed explanation}, preserve=true aResultDetail=0
00:00:16.886975 DCon18   Saving settings file "/home/mohireza/Drive/Debian/Debian/Debian.vbox" with version "1.19-linux"
00:00:16.894596 DCon18   Finished saving settings file "/home/mohireza/Drive/Debian/Debian/Debian.vbox"
00:00:24.099255 DCon15   Saving settings file "/home/mohireza/Drive/Debian/Debian/Debian.vbox" with version "1.19-linux"
00:00:24.105183 DCon15   Finished saving settings file "/home/mohireza/Drive/Debian/Debian/Debian.vbox"
00:00:27.044650 DCon18   WARNING [COM]: aRC=NS_ERROR_FAILURE (0x80004005) aIID={d5dcece0-b202-4416-a138-03502784cc07} aComponent={HostWrap} aText={VirtualBox is not currently allowed to access USB devices.  You can change this by adding your user to the 'vboxusers' group.  Please see the user manual for a more detailed explanation}, preserve=true aResultDetail=0
00:00:27.045727 DCon18   WARNING [COM]: aRC=NS_ERROR_FAILURE (0x80004005) aIID={d5dcece0-b202-4416-a138-03502784cc07} aComponent={HostWrap} aText={VirtualBox is not currently allowed to access USB devices.  You can change this by adding your user to the 'vboxusers' group.  Please see the user manual for a more detailed explanation}, preserve=true aResultDetail=0
00:00:27.050594 DCon18   ERROR [COM]: aRC=NS_ERROR_FAILURE (0x80004005) aIID={83cfdc66-4f20-4569-ad39-8722f7d472b3} aComponent={RecordingSettingsWrap} aText={Recording not started}, preserve=false aResultDetail=0
00:00:27.082000 DCon18   Saving settings file "/home/mohireza/Drive/Debian/Debian/Debian.vbox" with version "1.19-linux"
00:00:27.087517 DCon18   Finished saving settings file "/home/mohireza/Drive/Debian/Debian/Debian.vbox"
00:00:27.425503 DCon15   Saving settings file "/home/mohireza/Drive/Debian/Debian/Debian.vbox" with version "1.19-linux"
00:00:27.431622 DCon15   Finished saving settings file "/home/mohireza/Drive/Debian/Debian/Debian.vbox"
00:00:27.757834 DCon16   Saving settings file "/home/mohireza/Drive/Debian/Debian/Debian.vbox" with version "1.19-linux"
00:00:27.762942 DCon16   Finished saving settings file "/home/mohireza/Drive/Debian/Debian/Debian.vbox"
00:00:49.805659 DCon20   Saving settings file "/home/mohireza/Drive/Debian/Debian/Debian.vbox" with version "1.19-linux"
00:00:49.811559 DCon20   Finished saving settings file "/home/mohireza/Drive/Debian/Debian/Debian.vbox"
00:00:51.804947 DCon20   Saving settings file "/home/mohireza/Drive/Debian/Debian/Debian.vbox" with version "1.19-linux"
00:00:51.812104 DCon20   Finished saving settings file "/home/mohireza/Drive/Debian/Debian/Debian.vbox"
00:00:52.399154 DCon18   Saving settings file "/home/mohireza/Drive/Debian/Debian/Debian.vbox" with version "1.19-linux"
00:00:52.403084 DCon18   Finished saving settings file "/home/mohireza/Drive/Debian/Debian/Debian.vbox"
00:00:56.004827 DCon01   Saving settings file "/home/mohireza/Drive/Debian/Debian/Debian.vbox" with version "1.19-linux"
00:00:56.011556 DCon01   Finished saving settings file "/home/mohireza/Drive/Debian/Debian/Debian.vbox"
02:51:10.313610 DCon464  Saving settings file "/home/mohireza/Drive/Debian/Debian/Debian.vbox" with version "1.19-linux"
02:51:10.324558 DCon464  Finished saving settings file "/home/mohireza/Drive/Debian/Debian/Debian.vbox"
02:51:11.499401 DCon464  Saving settings file "/home/mohireza/Drive/Debian/Debian/Debian.vbox" with version "1.19-linux"
02:51:11.509661 DCon464  Finished saving settings file "/home/mohireza/Drive/Debian/Debian/Debian.vbox"
03:17:13.175474 DCon549  Saving settings file "/home/mohireza/Drive/Debian/Debian/Debian.vbox" with version "1.19-linux"
03:17:13.181440 DCon549  Finished saving settings file "/home/mohireza/Drive/Debian/Debian/Debian.vbox"
03:17:13.197462 DCon551  ERROR [COM]: aRC=VBOX_E_INVALID_VM_STATE (0x80bb0002) aIID={e36a5081-a82a-40bd-9e4e-42a44d6ce50f} aComponent={SessionMachine} aText={The machine is not mutable or saved (state is Stopping)}, preserve=false aResultDetail=0
03:17:13.266442 DCon549  Saving settings file "/home/mohireza/Drive/Debian/Debian/Debian.vbox" with version "1.19-linux"
03:17:13.271788 DCon549  Finished saving settings file "/home/mohireza/Drive/Debian/Debian/Debian.vbox"
03:17:14.087030 DCon547  ERROR [COM]: aRC=NS_ERROR_INVALID_ARG (0x80070057) aIID={e36a5081-a82a-40bd-9e4e-42a44d6ce50f} aComponent={SessionMachine} aText={Properties with TRANSIENT or TRANSRESET flag cannot be set or modified if VM is not running}, preserve=false aResultDetail=0
03:17:19.792799 main     VirtualBox: object deletion starts
03:17:19.792854 main     ERROR [COM]: aRC=VBOX_E_OBJECT_IN_USE (0x80bb000c) aIID={7d510820-a678-4730-a862-818dcd3fbed0} aComponent={MediumWrap} aText={Medium '/home/mohireza/Drive/Debian/Debian/Debian.vdi' cannot be closed because it is still attached to 1 virtual machines}, preserve=false aResultDetail=0
03:17:19.796439 main     HostDnsMonitor: shutting down ...
03:17:19.797085 main     HostDnsMonitor: shut down
03:17:19.809031 Watcher  ERROR [COM]: aRC=E_ACCESSDENIED (0x80070005) aIID={2ce10519-3c09-45d8-a12d-e887786146b7} aComponent={VirtualBoxWrap} aText={The object is not ready}, preserve=false aResultDetail=0
03:17:19.809224 main     VirtualBox: object deleted
